2025-05-20 14:32:05.175 [info] [main] Log level: Info
2025-05-20 14:32:05.175 [info] [main] Validating found git in: "git"
2025-05-20 14:32:05.175 [info] [main] Using git "2.34.1" from "git"
2025-05-20 14:32:05.175 [info] [Model][doInitialScan] Initial repository scan started
2025-05-20 14:32:05.175 [info] > git rev-parse --show-toplevel [5ms]
2025-05-20 14:32:05.175 [info] fatal: not a git repository (or any of the parent directories): .git
2025-05-20 14:32:05.175 [info] > git rev-parse --show-toplevel [5ms]
2025-05-20 14:32:05.175 [info] fatal: not a git repository (or any of the parent directories): .git
2025-05-20 14:32:05.175 [info] > git rev-parse --show-toplevel [2ms]
2025-05-20 14:32:05.175 [info] fatal: not a git repository (or any of the parent directories): .git
2025-05-20 14:32:05.175 [info] > git rev-parse --show-toplevel [2ms]
2025-05-20 14:32:05.175 [info] fatal: not a git repository (or any of the parent directories): .git
2025-05-20 14:32:05.175 [info] > git rev-parse --show-toplevel [3ms]
2025-05-20 14:32:05.175 [info] fatal: not a git repository (or any of the parent directories): .git
2025-05-20 14:32:05.175 [info] > git rev-parse --show-toplevel [3ms]
2025-05-20 14:32:05.175 [info] fatal: not a git repository (or any of the parent directories): .git
2025-05-20 14:32:05.175 [info] > git rev-parse --show-toplevel [6ms]
2025-05-20 14:32:05.175 [info] > git rev-parse --git-dir --git-common-dir [3ms]
2025-05-20 14:32:05.175 [info] [Model][openRepository] Opened repository (path): /home/ubuntu/.nvm
2025-05-20 14:32:05.175 [info] [Model][openRepository] Opened repository (real path): /home/ubuntu/.nvm
2025-05-20 14:32:05.175 [info] > git config --get commit.template [6ms]
2025-05-20 14:32:05.175 [info] > git rev-parse --show-toplevel [4ms]
2025-05-20 14:32:05.175 [info] fatal: not a git repository (or any of the parent directories): .git
2025-05-20 14:32:05.175 [info] > git for-each-ref --format %(refname)%00%(objectname)%00%(*objectname) refs/tags [43ms]
2025-05-20 14:32:05.175 [info] > git rev-parse --show-toplevel [17ms]
2025-05-20 14:32:05.175 [info] fatal: not a git repository (or any of the parent directories): .git
2025-05-20 14:32:05.175 [info] > git for-each-ref --sort -committerdate --format %(refname)%00%(objectname)%00%(*objectname) [10ms]
2025-05-20 14:32:05.176 [info] > git rev-parse --show-toplevel [5ms]
2025-05-20 14:32:05.184 [info] > git rev-parse --git-dir --git-common-dir [3ms]
2025-05-20 14:32:05.190 [info] [Model][openRepository] Opened repository (path): /home/ubuntu/mcp_project
2025-05-20 14:32:05.190 [info] [Model][openRepository] Opened repository (real path): /home/ubuntu/mcp_project
2025-05-20 14:32:05.250 [info] > git rev-parse --show-toplevel [51ms]
2025-05-20 14:32:05.250 [info] fatal: not a git repository (or any of the parent directories): .git
2025-05-20 14:32:05.256 [info] [Model][doInitialScan] Initial repository scan completed - repositories (2), closed repositories (0), parent repositories (0), unsafe repositories (0)
2025-05-20 14:32:05.256 [info] > git config --get commit.template [61ms]
2025-05-20 14:32:05.258 [info] > git for-each-ref --format=%(refname)%00%(upstream:short)%00%(objectname)%00%(upstream:track)%00%(upstream:remotename)%00%(upstream:remoteref) refs/heads/main refs/remotes/main [51ms]
2025-05-20 14:32:05.273 [info] > git for-each-ref --sort -committerdate --format %(refname)%00%(objectname)%00%(*objectname) [6ms]
2025-05-20 14:32:05.282 [info] > git status -z -uall [123ms]
2025-05-20 14:32:05.346 [info] > git status -z -uall [83ms]
2025-05-20 14:32:05.362 [info] > git for-each-ref --format=%(refname)%00%(upstream:short)%00%(objectname)%00%(upstream:track)%00%(upstream:remotename)%00%(upstream:remoteref) refs/heads/main refs/remotes/main [7ms]
2025-05-20 14:32:05.367 [info] > git config --get commit.template [22ms]
2025-05-20 14:32:05.369 [info] > git config --get commit.template [8ms]
2025-05-20 14:32:05.377 [info] > git config --get --local branch.main.vscode-merge-base [10ms]
2025-05-20 14:32:05.378 [warning] [Git][config] git config failed: Failed to execute git
2025-05-20 14:32:05.383 [info] > git for-each-ref --format=%(refname)%00%(upstream:short)%00%(objectname)%00%(upstream:track)%00%(upstream:remotename)%00%(upstream:remoteref) refs/heads/main refs/remotes/main [6ms]
2025-05-20 14:32:05.391 [info] > git for-each-ref --format %(refname)%00%(objectname)%00%(*objectname) refs/tags [20ms]
2025-05-20 14:32:05.399 [info] > git status -z -uall [13ms]
2025-05-20 14:32:05.399 [info] > git for-each-ref --sort -committerdate --format %(refname)%00%(objectname)%00%(*objectname) [8ms]
2025-05-20 14:32:05.406 [info] > git reflog main --grep-reflog=branch: Created from *. [24ms]
2025-05-20 14:32:05.411 [info] > git for-each-ref --format=%(refname)%00%(upstream:short)%00%(objectname)%00%(upstream:track)%00%(upstream:remotename)%00%(upstream:remoteref) refs/heads/main refs/remotes/main [7ms]
2025-05-20 14:32:05.414 [info] > git for-each-ref --sort -committerdate --format %(refname)%00%(objectname)%00%(*objectname) [17ms]
2025-05-20 14:32:05.415 [info] > git symbolic-ref --short refs/remotes/origin/HEAD [6ms]
2025-05-20 14:32:05.416 [info] fatal: ref refs/remotes/origin/HEAD is not a symbolic ref
2025-05-20 14:32:05.416 [warning] [Repository][getDefaultBranch] Failed to get default branch details: Failed to execute git.
2025-05-20 14:32:05.417 [info] > git config --get --local branch.main.vscode-merge-base [3ms]
2025-05-20 14:32:05.417 [warning] [Git][config] git config failed: Failed to execute git
2025-05-20 14:32:05.421 [info] > git status -z -uall [27ms]
2025-05-20 14:32:05.424 [info] > git reflog main --grep-reflog=branch: Created from *. [4ms]
2025-05-20 14:32:05.429 [info] > git symbolic-ref --short refs/remotes/origin/HEAD [3ms]
2025-05-20 14:32:05.429 [info] fatal: ref refs/remotes/origin/HEAD is not a symbolic ref
2025-05-20 14:32:05.429 [warning] [Repository][getDefaultBranch] Failed to get default branch details: Failed to execute git.
2025-05-20 14:32:05.929 [info] > git rev-parse --show-toplevel [2ms]
2025-05-20 14:32:06.134 [info] > git check-ignore -v -z --stdin [4ms]
2025-05-20 14:32:06.136 [info] > git check-ignore -v -z --stdin [3ms]
2025-05-20 14:32:21.450 [info] > git rev-parse --show-toplevel [2ms]
2025-05-20 14:32:21.450 [info] fatal: not a git repository (or any of the parent directories): .git
2025-05-20 14:35:36.389 [info] > git rev-parse --show-toplevel [3ms]
2025-05-20 14:35:36.389 [info] fatal: not a git repository (or any of the parent directories): .git
2025-05-20 14:35:36.405 [info] > git rev-parse --show-toplevel [2ms]
2025-05-20 14:35:36.405 [info] fatal: not a git repository (or any of the parent directories): .git
2025-05-20 14:35:36.406 [info] > git log --format=%H%n%aN%n%aE%n%at%n%ct%n%P%n%D%n%B -z --shortstat --diff-merges=first-parent -n50 --skip=0 --topo-order --decorate=full --stdin [40ms]
2025-05-20 14:36:49.704 [info] > git log --format=%H%n%aN%n%aE%n%at%n%ct%n%P%n%D%n%B -z --shortstat --diff-merges=first-parent -n50 --skip=0 --topo-order --decorate=full --stdin [33ms]
2025-05-20 14:36:51.987 [info] > git log --format=%H%n%aN%n%aE%n%at%n%ct%n%P%n%D%n%B -z --shortstat --diff-merges=first-parent -n50 --skip=0 --topo-order --decorate=full --stdin [147ms]
2025-05-20 14:37:25.427 [info] > git rev-parse --show-toplevel [2ms]
2025-05-20 14:37:25.433 [info] > git rev-parse --git-dir --git-common-dir [2ms]
2025-05-20 14:37:25.445 [info] [Model][openRepository] Opened repository (path): /home/ubuntu
2025-05-20 14:37:25.445 [info] [Model][openRepository] Opened repository (real path): /home/ubuntu
2025-05-20 14:37:25.462 [info] > git config --get commit.template [10ms]
2025-05-20 14:37:25.470 [info] [Git][getRemotes] No remotes found in the git config file
2025-05-20 14:37:25.473 [info] > git for-each-ref --format=%(refname)%00%(upstream:short)%00%(objectname)%00%(upstream:track)%00%(upstream:remotename)%00%(upstream:remoteref) refs/heads/master refs/remotes/master [3ms]
2025-05-20 14:37:25.473 [warning] [Git][getBranch] No such branch: master
2025-05-20 14:37:25.517 [info] > git for-each-ref --sort -committerdate --format %(refname)%00%(objectname)%00%(*objectname) [20ms]
2025-05-20 14:37:25.553 [info] > git status -z -uall [63ms]
2025-05-20 14:37:25.596 [info] > git for-each-ref --format=%(refname)%00%(upstream:short)%00%(objectname)%00%(upstream:track)%00%(upstream:remotename)%00%(upstream:remoteref) refs/heads/master refs/remotes/master [8ms]
2025-05-20 14:37:25.596 [warning] [Git][getBranch] No such branch: master
2025-05-20 14:37:25.597 [error] [GitHistoryProvider][resolveHEADMergeBase] Failed to resolve merge base for master: Error: No such branch: master.
2025-05-20 14:37:25.598 [info] > git config --get commit.template [3ms]
2025-05-20 14:37:25.603 [info] [Git][getRemotes] No remotes found in the git config file
2025-05-20 14:37:25.605 [info] > git for-each-ref --format=%(refname)%00%(upstream:short)%00%(objectname)%00%(upstream:track)%00%(upstream:remotename)%00%(upstream:remoteref) refs/heads/master refs/remotes/master [2ms]
2025-05-20 14:37:25.606 [warning] [Git][getBranch] No such branch: master
2025-05-20 14:37:25.615 [info] > git for-each-ref --sort -committerdate --format %(refname)%00%(objectname)%00%(*objectname) [2ms]
2025-05-20 14:37:25.635 [info] > git status -z -uall [26ms]
2025-05-20 14:37:26.065 [info] > git check-ignore -v -z --stdin [11ms]
2025-05-20 14:37:26.066 [info] > git check-ignore -v -z --stdin [7ms]
2025-05-20 14:37:26.066 [info] > git check-ignore -v -z --stdin [3ms]
2025-05-20 14:39:04.694 [info] [Git][getRemotes] No remotes found in the git config file
2025-05-20 14:39:04.695 [info] > git config --get commit.template [5ms]
2025-05-20 14:39:04.696 [info] > git for-each-ref --format=%(refname)%00%(upstream:short)%00%(objectname)%00%(upstream:track)%00%(upstream:remotename)%00%(upstream:remoteref) refs/heads/master refs/remotes/master [2ms]
2025-05-20 14:39:04.697 [warning] [Git][getBranch] No such branch: master
2025-05-20 14:39:04.711 [info] > git for-each-ref --sort -committerdate --format %(refname)%00%(objectname)%00%(*objectname) [1ms]
2025-05-20 14:39:04.729 [info] > git status -z -uall [29ms]
2025-05-20 14:39:10.141 [info] [Git][getRemotes] No remotes found in the git config file
2025-05-20 14:39:10.142 [info] > git config --get commit.template [33ms]
2025-05-20 14:39:10.143 [info] > git for-each-ref --format=%(refname)%00%(upstream:short)%00%(objectname)%00%(upstream:track)%00%(upstream:remotename)%00%(upstream:remoteref) refs/heads/master refs/remotes/master [3ms]
2025-05-20 14:39:10.143 [warning] [Git][getBranch] No such branch: master
2025-05-20 14:39:10.192 [info] > git for-each-ref --sort -committerdate --format %(refname)%00%(objectname)%00%(*objectname) [10ms]
2025-05-20 14:39:10.235 [info] > git status -z -uall [69ms]
2025-05-20 14:39:24.377 [info] [Git][getRemotes] No remotes found in the git config file
2025-05-20 14:39:24.381 [info] > git config --get commit.template [4ms]
2025-05-20 14:39:24.383 [info] > git for-each-ref --format=%(refname)%00%(upstream:short)%00%(objectname)%00%(upstream:track)%00%(upstream:remotename)%00%(upstream:remoteref) refs/heads/master refs/remotes/master [3ms]
2025-05-20 14:39:24.383 [warning] [Git][getBranch] No such branch: master
2025-05-20 14:39:24.394 [info] > git for-each-ref --sort -committerdate --format %(refname)%00%(objectname)%00%(*objectname) [3ms]
2025-05-20 14:39:24.413 [info] > git status -z -uall [26ms]
2025-05-20 14:39:40.743 [info] > git config --get commit.template [9ms]
2025-05-20 14:39:40.744 [info] > git for-each-ref --format=%(refname)%00%(upstream:short)%00%(objectname)%00%(upstream:track)%00%(upstream:remotename)%00%(upstream:remoteref) refs/heads/master refs/remotes/master [3ms]
2025-05-20 14:39:40.744 [warning] [Git][getBranch] No such branch: master
2025-05-20 14:39:40.761 [info] > git for-each-ref --sort -committerdate --format %(refname)%00%(objectname)%00%(*objectname) [3ms]
2025-05-20 14:39:40.788 [info] > git status -z -uall [39ms]
2025-05-20 14:39:48.337 [info] > git config --get commit.template [9ms]
2025-05-20 14:39:48.338 [info] > git for-each-ref --format=%(refname)%00%(upstream:short)%00%(objectname)%00%(upstream:track)%00%(upstream:remotename)%00%(upstream:remoteref) refs/heads/master refs/remotes/master [3ms]
2025-05-20 14:39:48.339 [warning] [Git][getBranch] No such branch: master
2025-05-20 14:39:48.355 [info] > git for-each-ref --sort -committerdate --format %(refname)%00%(objectname)%00%(*objectname) [3ms]
2025-05-20 14:39:48.387 [info] > git status -z -uall [42ms]
2025-05-20 14:39:53.522 [info] > git config --get commit.template [5ms]
2025-05-20 14:39:53.523 [info] > git for-each-ref --format=%(refname)%00%(upstream:short)%00%(objectname)%00%(upstream:track)%00%(upstream:remotename)%00%(upstream:remoteref) refs/heads/master refs/remotes/master [2ms]
2025-05-20 14:39:53.524 [warning] [Git][getBranch] No such branch: master
2025-05-20 14:39:53.534 [info] > git for-each-ref --sort -committerdate --format %(refname)%00%(objectname)%00%(*objectname) [2ms]
2025-05-20 14:39:53.614 [info] > git status -z -uall [87ms]
2025-05-20 14:41:00.547 [info] > git config --get commit.template [6ms]
2025-05-20 14:41:00.549 [info] > git for-each-ref --format=%(refname)%00%(upstream:short)%00%(objectname)%00%(upstream:track)%00%(upstream:remotename)%00%(upstream:remoteref) refs/heads/master refs/remotes/master [3ms]
2025-05-20 14:41:00.549 [warning] [Git][getBranch] No such branch: master
2025-05-20 14:41:00.558 [info] > git for-each-ref --sort -committerdate --format %(refname)%00%(objectname)%00%(*objectname) [2ms]
2025-05-20 14:41:00.619 [info] > git status -z -uall [67ms]
2025-05-20 14:41:04.539 [info] > git config --get commit.template [6ms]
2025-05-20 14:41:04.541 [info] > git for-each-ref --format %(refname)%00%(objectname)%00%(*objectname) refs/tags [3ms]
2025-05-20 14:41:04.551 [info] > git status -z -uall [5ms]
2025-05-20 14:41:04.552 [info] > git for-each-ref --sort -committerdate --format %(refname)%00%(objectname)%00%(*objectname) [2ms]
2025-05-20 14:41:05.064 [info] > git rev-parse --show-toplevel [3ms]
2025-05-20 14:41:05.663 [info] > git config --get commit.template [7ms]
2025-05-20 14:41:05.665 [info] > git for-each-ref --format=%(refname)%00%(upstream:short)%00%(objectname)%00%(upstream:track)%00%(upstream:remotename)%00%(upstream:remoteref) refs/heads/master refs/remotes/master [3ms]
2025-05-20 14:41:05.665 [warning] [Git][getBranch] No such branch: master
2025-05-20 14:41:05.678 [info] > git for-each-ref --sort -committerdate --format %(refname)%00%(objectname)%00%(*objectname) [3ms]
2025-05-20 14:41:05.716 [info] > git status -z -uall [47ms]
2025-05-20 14:41:10.758 [info] > git config --get commit.template [6ms]
2025-05-20 14:41:10.760 [info] > git for-each-ref --format=%(refname)%00%(upstream:short)%00%(objectname)%00%(upstream:track)%00%(upstream:remotename)%00%(upstream:remoteref) refs/heads/master refs/remotes/master [3ms]
2025-05-20 14:41:10.760 [warning] [Git][getBranch] No such branch: master
2025-05-20 14:41:10.771 [info] > git for-each-ref --sort -committerdate --format %(refname)%00%(objectname)%00%(*objectname) [2ms]
2025-05-20 14:41:10.848 [info] > git status -z -uall [84ms]
2025-05-20 14:41:48.258 [info] > git config --get commit.template [8ms]
2025-05-20 14:41:48.259 [info] > git for-each-ref --format=%(refname)%00%(upstream:short)%00%(objectname)%00%(upstream:track)%00%(upstream:remotename)%00%(upstream:remoteref) refs/heads/master refs/remotes/master [2ms]
2025-05-20 14:41:48.259 [warning] [Git][getBranch] No such branch: master
2025-05-20 14:41:48.269 [info] > git for-each-ref --sort -committerdate --format %(refname)%00%(objectname)%00%(*objectname) [2ms]
2025-05-20 14:41:48.305 [info] > git status -z -uall [42ms]
2025-05-20 14:41:58.654 [info] > git config --get commit.template [5ms]
2025-05-20 14:41:58.655 [info] > git for-each-ref --format=%(refname)%00%(upstream:short)%00%(objectname)%00%(upstream:track)%00%(upstream:remotename)%00%(upstream:remoteref) refs/heads/master refs/remotes/master [2ms]
2025-05-20 14:41:58.655 [warning] [Git][getBranch] No such branch: master
2025-05-20 14:41:58.666 [info] > git for-each-ref --sort -committerdate --format %(refname)%00%(objectname)%00%(*objectname) [2ms]
2025-05-20 14:41:58.703 [info] > git status -z -uall [44ms]
2025-05-20 14:42:11.239 [info] > git config --get commit.template [5ms]
2025-05-20 14:42:11.241 [info] > git for-each-ref --format=%(refname)%00%(upstream:short)%00%(objectname)%00%(upstream:track)%00%(upstream:remotename)%00%(upstream:remoteref) refs/heads/master refs/remotes/master [3ms]
2025-05-20 14:42:11.241 [warning] [Git][getBranch] No such branch: master
2025-05-20 14:42:11.250 [info] > git for-each-ref --sort -committerdate --format %(refname)%00%(objectname)%00%(*objectname) [2ms]
2025-05-20 14:42:11.293 [info] > git status -z -uall [49ms]
2025-05-20 14:43:37.361 [info] > git config --get commit.template [6ms]
2025-05-20 14:43:37.362 [info] > git for-each-ref --format=%(refname)%00%(upstream:short)%00%(objectname)%00%(upstream:track)%00%(upstream:remotename)%00%(upstream:remoteref) refs/heads/master refs/remotes/master [2ms]
2025-05-20 14:43:37.362 [warning] [Git][getBranch] No such branch: master
2025-05-20 14:43:37.372 [info] > git for-each-ref --sort -committerdate --format %(refname)%00%(objectname)%00%(*objectname) [2ms]
2025-05-20 14:43:37.414 [info] > git status -z -uall [48ms]
2025-05-20 14:43:42.454 [info] > git config --get commit.template [7ms]
2025-05-20 14:43:42.455 [info] > git for-each-ref --format=%(refname)%00%(upstream:short)%00%(objectname)%00%(upstream:track)%00%(upstream:remotename)%00%(upstream:remoteref) refs/heads/master refs/remotes/master [2ms]
2025-05-20 14:43:42.455 [warning] [Git][getBranch] No such branch: master
2025-05-20 14:43:42.467 [info] > git for-each-ref --sort -committerdate --format %(refname)%00%(objectname)%00%(*objectname) [2ms]
2025-05-20 14:43:42.514 [info] > git status -z -uall [55ms]
2025-05-20 14:43:48.261 [info] > git config --get commit.template [6ms]
2025-05-20 14:43:48.262 [info] > git for-each-ref --format=%(refname)%00%(upstream:short)%00%(objectname)%00%(upstream:track)%00%(upstream:remotename)%00%(upstream:remoteref) refs/heads/master refs/remotes/master [2ms]
2025-05-20 14:43:48.262 [warning] [Git][getBranch] No such branch: master
2025-05-20 14:43:48.273 [info] > git for-each-ref --sort -committerdate --format %(refname)%00%(objectname)%00%(*objectname) [2ms]
2025-05-20 14:43:48.317 [info] > git status -z -uall [51ms]
2025-05-20 14:43:49.742 [info] > git show --textconv :.gitignore [20ms]
2025-05-20 14:43:49.773 [info] > git hash-object -t tree /dev/null [14ms]
2025-05-20 14:43:49.774 [warning] [GitFileSystemProvider][readFile] File not found - git:/home/ubuntu/.gitignore.git?%7B%22path%22%3A%22%2Fhome%2Fubuntu%2F.gitignore%22%2C%22ref%22%3A%22%22%7D
2025-05-20 14:43:49.814 [info] > git ls-files --stage -- .gitignore [75ms]
2025-05-20 14:43:49.821 [warning] [GitFileSystemProvider][stat] File not found - git:/home/ubuntu/.gitignore.git?%7B%22path%22%3A%22%2Fhome%2Fubuntu%2F.gitignore%22%2C%22ref%22%3A%22%22%7D
2025-05-20 14:43:49.826 [info] > git check-ignore -v -z --stdin [56ms]
2025-05-20 14:44:05.420 [info] > git config --get commit.template [5ms]
2025-05-20 14:44:05.422 [info] > git for-each-ref --format=%(refname)%00%(upstream:short)%00%(objectname)%00%(upstream:track)%00%(upstream:remotename)%00%(upstream:remoteref) refs/heads/master refs/remotes/master [3ms]
2025-05-20 14:44:05.422 [warning] [Git][getBranch] No such branch: master
2025-05-20 14:44:05.432 [info] > git for-each-ref --sort -committerdate --format %(refname)%00%(objectname)%00%(*objectname) [2ms]
2025-05-20 14:44:05.473 [info] > git status -z -uall [47ms]
2025-05-20 14:44:11.367 [info] > git check-ignore -v -z --stdin [8ms]
2025-05-20 14:44:11.368 [info] > git check-ignore -v -z --stdin [5ms]
2025-05-20 14:44:11.368 [info] > git check-ignore -v -z --stdin [2ms]
2025-05-20 14:44:12.840 [info] > git check-ignore -v -z --stdin [11ms]
2025-05-20 14:44:12.841 [info] > git check-ignore -v -z --stdin [7ms]
2025-05-20 14:44:12.842 [info] > git check-ignore -v -z --stdin [3ms]
2025-05-20 14:44:13.157 [info] > git config --get commit.template [6ms]
2025-05-20 14:44:13.158 [info] > git for-each-ref --format=%(refname)%00%(upstream:short)%00%(objectname)%00%(upstream:track)%00%(upstream:remotename)%00%(upstream:remoteref) refs/heads/master refs/remotes/master [2ms]
2025-05-20 14:44:13.158 [warning] [Git][getBranch] No such branch: master
2025-05-20 14:44:13.172 [info] > git for-each-ref --sort -committerdate --format %(refname)%00%(objectname)%00%(*objectname) [2ms]
2025-05-20 14:44:13.197 [info] > git status -z -uall [34ms]
2025-05-20 14:44:36.036 [info] > git check-ignore -v -z --stdin [6ms]
2025-05-20 14:44:36.539 [info] > git config --get commit.template [7ms]
2025-05-20 14:44:36.541 [info] > git for-each-ref --format=%(refname)%00%(upstream:short)%00%(objectname)%00%(upstream:track)%00%(upstream:remotename)%00%(upstream:remoteref) refs/heads/master refs/remotes/master [3ms]
2025-05-20 14:44:36.541 [warning] [Git][getBranch] No such branch: master
2025-05-20 14:44:36.553 [info] > git for-each-ref --sort -committerdate --format %(refname)%00%(objectname)%00%(*objectname) [3ms]
2025-05-20 14:44:36.617 [info] > git status -z -uall [72ms]
