0 verbose cli /home/ubuntu/.nvm/versions/node/v22.13.0/bin/node /home/ubuntu/.nvm/versions/node/v22.13.0/bin/npm
1 info using npm@10.9.2
2 info using node@v22.13.0
3 silly config load:file:/home/ubuntu/.nvm/versions/node/v22.13.0/lib/node_modules/npm/npmrc
4 silly config load:file:/home/ubuntu/mcp_project/mcp_server/.npmrc
5 silly config load:file:/home/ubuntu/.npmrc
6 silly config load:file:/home/ubuntu/.nvm/versions/node/v22.13.0/etc/npmrc
7 verbose title npm install express cors body-parser
8 verbose argv "install" "express" "cors" "body-parser" "--save"
9 verbose logfile logs-max:10 dir:/home/ubuntu/.npm/_logs/2025-05-20T18_07_46_830Z-
10 verbose logfile /home/ubuntu/.npm/_logs/2025-05-20T18_07_46_830Z-debug-0.log
11 silly logfile done cleaning log files
12 silly packumentCache heap:2117074944 maxSize:529268736 maxEntrySize:264634368
13 silly idealTree buildDeps
14 silly fetch manifest express@*
15 silly packumentCache full:https://registry.npmjs.org/express cache-miss
16 http fetch GET 200 https://registry.npmjs.org/express 179ms (cache miss)
17 silly packumentCache full:https://registry.npmjs.org/express set size:undefined disposed:false
18 silly fetch manifest cors@*
19 silly packumentCache full:https://registry.npmjs.org/cors cache-miss
20 http fetch GET 200 https://registry.npmjs.org/cors 52ms (cache miss)
21 silly packumentCache full:https://registry.npmjs.org/cors set size:undefined disposed:false
22 silly fetch manifest body-parser@*
23 silly packumentCache full:https://registry.npmjs.org/body-parser cache-miss
24 http fetch GET 200 https://registry.npmjs.org/body-parser 43ms (cache miss)
25 silly packumentCache full:https://registry.npmjs.org/body-parser set size:undefined disposed:false
26 silly placeDep ROOT body-parser@2.2.0 OK for: mcp_server@1.0.0 want: *
27 silly placeDep ROOT cors@2.8.5 OK for: mcp_server@1.0.0 want: *
28 silly placeDep ROOT express@5.1.0 OK for: mcp_server@1.0.0 want: *
29 silly fetch manifest bytes@^3.1.2
30 silly packumentCache full:https://registry.npmjs.org/bytes cache-miss
31 silly fetch manifest content-type@^1.0.5
32 silly packumentCache full:https://registry.npmjs.org/content-type cache-miss
33 silly fetch manifest debug@^4.4.0
34 silly packumentCache full:https://registry.npmjs.org/debug cache-miss
35 http fetch GET 200 https://registry.npmjs.org/bytes 37ms (cache miss)
36 silly packumentCache full:https://registry.npmjs.org/bytes set size:undefined disposed:false
37 silly fetch manifest http-errors@^2.0.0
38 silly packumentCache full:https://registry.npmjs.org/http-errors cache-miss
39 http fetch GET 200 https://registry.npmjs.org/content-type 57ms (cache miss)
40 silly packumentCache full:https://registry.npmjs.org/content-type set size:undefined disposed:false
41 silly fetch manifest iconv-lite@^0.6.3
42 silly packumentCache full:https://registry.npmjs.org/iconv-lite cache-miss
43 http fetch GET 200 https://registry.npmjs.org/debug 66ms (cache miss)
44 silly packumentCache full:https://registry.npmjs.org/debug set size:undefined disposed:false
45 silly fetch manifest on-finished@^2.4.1
46 silly packumentCache full:https://registry.npmjs.org/on-finished cache-miss
47 http fetch GET 200 https://registry.npmjs.org/http-errors 46ms (cache miss)
48 silly packumentCache full:https://registry.npmjs.org/http-errors set size:undefined disposed:false
49 silly fetch manifest qs@^6.14.0
50 silly packumentCache full:https://registry.npmjs.org/qs cache-miss
51 http fetch GET 200 https://registry.npmjs.org/iconv-lite 37ms (cache miss)
52 silly packumentCache full:https://registry.npmjs.org/iconv-lite set size:undefined disposed:false
53 silly fetch manifest raw-body@^3.0.0
54 silly packumentCache full:https://registry.npmjs.org/raw-body cache-miss
55 http fetch GET 200 https://registry.npmjs.org/on-finished 42ms (cache miss)
56 silly packumentCache full:https://registry.npmjs.org/on-finished set size:undefined disposed:false
57 silly fetch manifest type-is@^2.0.0
58 silly packumentCache full:https://registry.npmjs.org/type-is cache-miss
59 http fetch GET 200 https://registry.npmjs.org/qs 53ms (cache miss)
60 silly packumentCache full:https://registry.npmjs.org/qs set size:undefined disposed:false
61 silly fetch manifest vary@^1
62 silly packumentCache full:https://registry.npmjs.org/vary cache-miss
63 http fetch GET 200 https://registry.npmjs.org/raw-body 58ms (cache miss)
64 silly packumentCache full:https://registry.npmjs.org/raw-body set size:undefined disposed:false
65 silly fetch manifest object-assign@^4
66 silly packumentCache full:https://registry.npmjs.org/object-assign cache-miss
67 http fetch GET 200 https://registry.npmjs.org/type-is 60ms (cache miss)
68 silly packumentCache full:https://registry.npmjs.org/type-is set size:undefined disposed:false
69 silly fetch manifest etag@^1.8.1
70 silly packumentCache full:https://registry.npmjs.org/etag cache-miss
71 http fetch GET 200 https://registry.npmjs.org/object-assign 45ms (cache miss)
72 silly packumentCache full:https://registry.npmjs.org/object-assign set size:undefined disposed:false
73 silly fetch manifest once@^1.4.0
74 silly packumentCache full:https://registry.npmjs.org/once cache-miss
75 http fetch GET 200 https://registry.npmjs.org/vary 56ms (cache miss)
76 silly packumentCache full:https://registry.npmjs.org/vary set size:undefined disposed:false
77 silly fetch manifest send@^1.1.0
78 silly packumentCache full:https://registry.npmjs.org/send cache-miss
79 http fetch GET 200 https://registry.npmjs.org/etag 37ms (cache miss)
80 silly packumentCache full:https://registry.npmjs.org/etag set size:undefined disposed:false
81 silly fetch manifest vary@^1.1.2
82 silly packumentCache full:https://registry.npmjs.org/vary cache-miss
83 http cache https://registry.npmjs.org/vary 8ms (cache hit)
84 silly packumentCache full:https://registry.npmjs.org/vary set size:16018 disposed:false
85 silly fetch manifest fresh@^2.0.0
86 silly packumentCache full:https://registry.npmjs.org/fresh cache-miss
87 http fetch GET 200 https://registry.npmjs.org/once 30ms (cache miss)
88 silly packumentCache full:https://registry.npmjs.org/once set size:undefined disposed:false
89 silly fetch manifest cookie@^0.7.1
90 silly packumentCache full:https://registry.npmjs.org/cookie cache-miss
91 http fetch GET 200 https://registry.npmjs.org/send 33ms (cache miss)
92 silly packumentCache full:https://registry.npmjs.org/send set size:undefined disposed:false
93 silly fetch manifest router@^2.2.0
94 silly packumentCache full:https://registry.npmjs.org/router cache-miss
95 http fetch GET 200 https://registry.npmjs.org/fresh 32ms (cache miss)
96 silly packumentCache full:https://registry.npmjs.org/fresh set size:undefined disposed:false
97 silly fetch manifest accepts@^2.0.0
98 silly packumentCache full:https://registry.npmjs.org/accepts cache-miss
99 http fetch GET 200 https://registry.npmjs.org/router 31ms (cache miss)
100 silly packumentCache full:https://registry.npmjs.org/router set size:undefined disposed:false
101 silly fetch manifest type-is@^2.0.1
102 silly packumentCache full:https://registry.npmjs.org/type-is cache-miss
103 http fetch GET 200 https://registry.npmjs.org/cookie 46ms (cache revalidated)
104 silly packumentCache full:https://registry.npmjs.org/cookie set size:67180 disposed:false
105 silly fetch manifest parseurl@^1.3.3
106 silly packumentCache full:https://registry.npmjs.org/parseurl cache-miss
107 http cache https://registry.npmjs.org/type-is 15ms (cache hit)
108 silly packumentCache full:https://registry.npmjs.org/type-is set size:86196 disposed:false
109 silly fetch manifest statuses@^2.0.1
110 silly packumentCache full:https://registry.npmjs.org/statuses cache-miss
111 http fetch GET 200 https://registry.npmjs.org/accepts 45ms (cache miss)
112 silly packumentCache full:https://registry.npmjs.org/accepts set size:undefined disposed:false
113 silly fetch manifest encodeurl@^2.0.0
114 silly packumentCache full:https://registry.npmjs.org/encodeurl cache-miss
115 http fetch GET 200 https://registry.npmjs.org/parseurl 25ms (cache miss)
116 silly packumentCache full:https://registry.npmjs.org/parseurl set size:undefined disposed:false
117 silly fetch manifest mime-types@^3.0.0
118 silly packumentCache full:https://registry.npmjs.org/mime-types cache-miss
119 http fetch GET 200 https://registry.npmjs.org/statuses 34ms (cache miss)
120 silly packumentCache full:https://registry.npmjs.org/statuses set size:undefined disposed:false
121 silly fetch manifest proxy-addr@^2.0.7
122 silly packumentCache full:https://registry.npmjs.org/proxy-addr cache-miss
123 http fetch GET 200 https://registry.npmjs.org/encodeurl 38ms (cache miss)
124 silly packumentCache full:https://registry.npmjs.org/encodeurl set size:undefined disposed:false
125 silly fetch manifest escape-html@^1.0.3
126 silly packumentCache full:https://registry.npmjs.org/escape-html cache-miss
127 http fetch GET 200 https://registry.npmjs.org/mime-types 34ms (cache miss)
128 silly packumentCache full:https://registry.npmjs.org/mime-types set size:undefined disposed:false
129 silly fetch manifest finalhandler@^2.1.0
130 silly packumentCache full:https://registry.npmjs.org/finalhandler cache-miss
131 http fetch GET 200 https://registry.npmjs.org/proxy-addr 33ms (cache miss)
132 silly packumentCache full:https://registry.npmjs.org/proxy-addr set size:undefined disposed:false
133 silly fetch manifest range-parser@^1.2.1
134 silly packumentCache full:https://registry.npmjs.org/range-parser cache-miss
135 http fetch GET 200 https://registry.npmjs.org/escape-html 32ms (cache miss)
136 silly packumentCache full:https://registry.npmjs.org/escape-html set size:undefined disposed:false
137 silly fetch manifest serve-static@^2.2.0
138 silly packumentCache full:https://registry.npmjs.org/serve-static cache-miss
139 http fetch GET 200 https://registry.npmjs.org/finalhandler 30ms (cache miss)
140 silly packumentCache full:https://registry.npmjs.org/finalhandler set size:undefined disposed:false
141 silly fetch manifest cookie-signature@^1.2.1
142 silly packumentCache full:https://registry.npmjs.org/cookie-signature cache-miss
143 http fetch GET 200 https://registry.npmjs.org/range-parser 47ms (cache miss)
144 silly packumentCache full:https://registry.npmjs.org/range-parser set size:undefined disposed:false
145 silly fetch manifest merge-descriptors@^2.0.0
146 silly packumentCache full:https://registry.npmjs.org/merge-descriptors cache-miss
147 http fetch GET 200 https://registry.npmjs.org/cookie-signature 33ms (cache miss)
148 silly packumentCache full:https://registry.npmjs.org/cookie-signature set size:undefined disposed:false
149 silly fetch manifest content-disposition@^1.0.0
150 silly packumentCache full:https://registry.npmjs.org/content-disposition cache-miss
151 http fetch GET 200 https://registry.npmjs.org/serve-static 43ms (cache miss)
152 silly packumentCache full:https://registry.npmjs.org/serve-static set size:undefined disposed:false
153 http fetch GET 200 https://registry.npmjs.org/merge-descriptors 26ms (cache miss)
154 silly packumentCache full:https://registry.npmjs.org/merge-descriptors set size:undefined disposed:false
155 http fetch GET 200 https://registry.npmjs.org/content-disposition 39ms (cache miss)
156 silly packumentCache full:https://registry.npmjs.org/content-disposition set size:undefined disposed:false
157 silly placeDep ROOT bytes@3.1.2 OK for: body-parser@2.2.0 want: ^3.1.2
158 silly placeDep ROOT content-type@1.0.5 OK for: body-parser@2.2.0 want: ^1.0.5
159 silly placeDep ROOT debug@4.4.1 OK for: body-parser@2.2.0 want: ^4.4.0
160 silly placeDep ROOT http-errors@2.0.0 OK for: body-parser@2.2.0 want: ^2.0.0
161 silly placeDep ROOT iconv-lite@0.6.3 OK for: body-parser@2.2.0 want: ^0.6.3
162 silly placeDep ROOT on-finished@2.4.1 OK for: body-parser@2.2.0 want: ^2.4.1
163 silly placeDep ROOT qs@6.14.0 OK for: body-parser@2.2.0 want: ^6.14.0
164 silly placeDep ROOT raw-body@3.0.0 OK for: body-parser@2.2.0 want: ^3.0.0
165 silly placeDep ROOT type-is@2.0.1 OK for: body-parser@2.2.0 want: ^2.0.0
166 silly fetch manifest ms@^2.1.3
167 silly packumentCache full:https://registry.npmjs.org/ms cache-miss
168 silly fetch manifest depd@2.0.0
169 silly packumentCache full:https://registry.npmjs.org/depd cache-miss
170 silly fetch manifest inherits@2.0.4
171 silly packumentCache full:https://registry.npmjs.org/inherits cache-miss
172 http fetch GET 200 https://registry.npmjs.org/depd 34ms (cache miss)
173 silly packumentCache full:https://registry.npmjs.org/depd set size:undefined disposed:false
174 silly fetch manifest statuses@2.0.1
175 silly packumentCache full:https://registry.npmjs.org/statuses cache-miss
176 http fetch GET 200 https://registry.npmjs.org/inherits 37ms (cache miss)
177 silly packumentCache full:https://registry.npmjs.org/inherits set size:undefined disposed:false
178 silly fetch manifest toidentifier@1.0.1
179 silly packumentCache full:https://registry.npmjs.org/toidentifier cache-miss
180 http fetch GET 200 https://registry.npmjs.org/ms 42ms (cache miss)
181 silly packumentCache full:https://registry.npmjs.org/ms set size:undefined disposed:false
182 silly fetch manifest setprototypeof@1.2.0
183 silly packumentCache full:https://registry.npmjs.org/setprototypeof cache-miss
184 http cache https://registry.npmjs.org/statuses 15ms (cache hit)
185 silly packumentCache full:https://registry.npmjs.org/statuses set size:34332 disposed:false
186 silly fetch manifest safer-buffer@>= 2.1.2 < 3.0.0
187 silly packumentCache full:https://registry.npmjs.org/safer-buffer cache-miss
188 http fetch GET 200 https://registry.npmjs.org/toidentifier 25ms (cache miss)
189 silly packumentCache full:https://registry.npmjs.org/toidentifier set size:undefined disposed:false
190 silly fetch manifest ee-first@1.1.1
191 silly packumentCache full:https://registry.npmjs.org/ee-first cache-miss
192 http fetch GET 200 https://registry.npmjs.org/setprototypeof 45ms (cache miss)
193 silly packumentCache full:https://registry.npmjs.org/setprototypeof set size:undefined disposed:false
194 silly fetch manifest side-channel@^1.1.0
195 silly packumentCache full:https://registry.npmjs.org/side-channel cache-miss
196 http fetch GET 200 https://registry.npmjs.org/safer-buffer 39ms (cache miss)
197 silly packumentCache full:https://registry.npmjs.org/safer-buffer set size:undefined disposed:false
198 silly fetch manifest unpipe@1.0.0
199 silly packumentCache full:https://registry.npmjs.org/unpipe cache-miss
200 http fetch GET 200 https://registry.npmjs.org/ee-first 28ms (cache miss)
201 silly packumentCache full:https://registry.npmjs.org/ee-first set size:undefined disposed:false
202 silly fetch manifest media-typer@^1.1.0
203 silly packumentCache full:https://registry.npmjs.org/media-typer cache-miss
204 http fetch GET 200 https://registry.npmjs.org/media-typer 28ms (cache miss)
205 silly packumentCache full:https://registry.npmjs.org/media-typer set size:undefined disposed:false
206 http fetch GET 200 https://registry.npmjs.org/side-channel 35ms (cache miss)
207 silly packumentCache full:https://registry.npmjs.org/side-channel set size:undefined disposed:false
208 http fetch GET 200 https://registry.npmjs.org/unpipe 34ms (cache miss)
209 silly packumentCache full:https://registry.npmjs.org/unpipe set size:undefined disposed:false
210 silly placeDep ROOT object-assign@4.1.1 OK for: cors@2.8.5 want: ^4
211 silly placeDep ROOT vary@1.1.2 OK for: cors@2.8.5 want: ^1
212 silly placeDep ROOT ms@2.1.3 OK for: debug@4.4.1 want: ^2.1.3
213 silly placeDep ROOT accepts@2.0.0 OK for: express@5.1.0 want: ^2.0.0
214 silly placeDep ROOT content-disposition@1.0.0 OK for: express@5.1.0 want: ^1.0.0
215 silly placeDep ROOT cookie@0.7.2 OK for: express@5.1.0 want: ^0.7.1
216 silly placeDep ROOT cookie-signature@1.2.2 OK for: express@5.1.0 want: ^1.2.1
217 silly placeDep ROOT encodeurl@2.0.0 OK for: express@5.1.0 want: ^2.0.0
218 silly placeDep ROOT escape-html@1.0.3 OK for: express@5.1.0 want: ^1.0.3
219 silly placeDep ROOT etag@1.8.1 OK for: express@5.1.0 want: ^1.8.1
220 silly placeDep ROOT finalhandler@2.1.0 OK for: express@5.1.0 want: ^2.1.0
221 silly placeDep ROOT fresh@2.0.0 OK for: express@5.1.0 want: ^2.0.0
222 silly placeDep ROOT merge-descriptors@2.0.0 OK for: express@5.1.0 want: ^2.0.0
223 silly placeDep ROOT mime-types@3.0.1 OK for: express@5.1.0 want: ^3.0.0
224 silly placeDep ROOT once@1.4.0 OK for: express@5.1.0 want: ^1.4.0
225 silly placeDep ROOT parseurl@1.3.3 OK for: express@5.1.0 want: ^1.3.3
226 silly placeDep ROOT proxy-addr@2.0.7 OK for: express@5.1.0 want: ^2.0.7
227 silly placeDep ROOT range-parser@1.2.1 OK for: express@5.1.0 want: ^1.2.1
228 silly placeDep ROOT router@2.2.0 OK for: express@5.1.0 want: ^2.2.0
229 silly placeDep ROOT send@1.2.0 OK for: express@5.1.0 want: ^1.1.0
230 silly placeDep ROOT serve-static@2.2.0 OK for: express@5.1.0 want: ^2.2.0
231 silly placeDep ROOT statuses@2.0.1 OK for: express@5.1.0 want: ^2.0.1
232 silly fetch manifest negotiator@^1.0.0
233 silly packumentCache full:https://registry.npmjs.org/negotiator cache-miss
234 silly fetch manifest safe-buffer@5.2.1
235 silly packumentCache full:https://registry.npmjs.org/safe-buffer cache-miss
236 silly fetch manifest mime-db@^1.54.0
237 silly packumentCache full:https://registry.npmjs.org/mime-db cache-miss
238 http fetch GET 200 https://registry.npmjs.org/negotiator 55ms (cache miss)
239 silly packumentCache full:https://registry.npmjs.org/negotiator set size:undefined disposed:false
240 silly fetch manifest wrappy@1
241 silly packumentCache full:https://registry.npmjs.org/wrappy cache-miss
242 http fetch GET 200 https://registry.npmjs.org/safe-buffer 48ms (cache miss)
243 silly packumentCache full:https://registry.npmjs.org/safe-buffer set size:undefined disposed:false
244 silly fetch manifest forwarded@0.2.0
245 silly packumentCache full:https://registry.npmjs.org/forwarded cache-miss
246 http fetch GET 200 https://registry.npmjs.org/mime-db 52ms (cache miss)
247 silly packumentCache full:https://registry.npmjs.org/mime-db set size:undefined disposed:false
248 silly fetch manifest ipaddr.js@1.9.1
249 silly packumentCache full:https://registry.npmjs.org/ipaddr.js cache-miss
250 http fetch GET 200 https://registry.npmjs.org/wrappy 24ms (cache miss)
251 silly packumentCache full:https://registry.npmjs.org/wrappy set size:undefined disposed:false
252 silly fetch manifest depd@^2.0.0
253 silly packumentCache full:https://registry.npmjs.org/depd cache-miss
254 http cache https://registry.npmjs.org/depd 5ms (cache hit)
255 silly packumentCache full:https://registry.npmjs.org/depd set size:40182 disposed:false
256 silly fetch manifest is-promise@^4.0.0
257 silly packumentCache full:https://registry.npmjs.org/is-promise cache-miss
258 http fetch GET 200 https://registry.npmjs.org/forwarded 39ms (cache miss)
259 silly packumentCache full:https://registry.npmjs.org/forwarded set size:undefined disposed:false
260 silly fetch manifest path-to-regexp@^8.0.0
261 silly packumentCache full:https://registry.npmjs.org/path-to-regexp cache-miss
262 http fetch GET 200 https://registry.npmjs.org/ipaddr.js 34ms (cache miss)
263 silly packumentCache full:https://registry.npmjs.org/ipaddr.js set size:undefined disposed:false
264 http fetch GET 200 https://registry.npmjs.org/is-promise 27ms (cache miss)
265 silly packumentCache full:https://registry.npmjs.org/is-promise set size:undefined disposed:false
266 http fetch GET 200 https://registry.npmjs.org/path-to-regexp 40ms (cache revalidated)
267 silly packumentCache full:https://registry.npmjs.org/path-to-regexp set size:196503 disposed:false
268 silly placeDep ROOT negotiator@1.0.0 OK for: accepts@2.0.0 want: ^1.0.0
269 silly placeDep ROOT safe-buffer@5.2.1 OK for: content-disposition@1.0.0 want: 5.2.1
270 silly placeDep ROOT depd@2.0.0 OK for: http-errors@2.0.0 want: 2.0.0
271 silly placeDep ROOT inherits@2.0.4 OK for: http-errors@2.0.0 want: 2.0.4
272 silly placeDep ROOT setprototypeof@1.2.0 OK for: http-errors@2.0.0 want: 1.2.0
273 silly placeDep ROOT toidentifier@1.0.1 OK for: http-errors@2.0.0 want: 1.0.1
274 silly placeDep ROOT safer-buffer@2.1.2 OK for: iconv-lite@0.6.3 want: >= 2.1.2 < 3.0.0
275 silly placeDep ROOT mime-db@1.54.0 OK for: mime-types@3.0.1 want: ^1.54.0
276 silly placeDep ROOT ee-first@1.1.1 OK for: on-finished@2.4.1 want: 1.1.1
277 silly placeDep ROOT wrappy@1.0.2 OK for: once@1.4.0 want: 1
278 silly placeDep ROOT forwarded@0.2.0 OK for: proxy-addr@2.0.7 want: 0.2.0
279 silly placeDep ROOT ipaddr.js@1.9.1 OK for: proxy-addr@2.0.7 want: 1.9.1
280 silly placeDep ROOT side-channel@1.1.0 OK for: qs@6.14.0 want: ^1.1.0
281 silly fetch manifest es-errors@^1.3.0
282 silly packumentCache full:https://registry.npmjs.org/es-errors cache-miss
283 silly fetch manifest object-inspect@^1.13.3
284 silly packumentCache full:https://registry.npmjs.org/object-inspect cache-miss
285 silly fetch manifest side-channel-list@^1.0.0
286 silly packumentCache full:https://registry.npmjs.org/side-channel-list cache-miss
287 http fetch GET 200 https://registry.npmjs.org/es-errors 42ms (cache miss)
288 silly packumentCache full:https://registry.npmjs.org/es-errors set size:undefined disposed:false
289 silly fetch manifest side-channel-map@^1.0.1
290 silly packumentCache full:https://registry.npmjs.org/side-channel-map cache-miss
291 http fetch GET 200 https://registry.npmjs.org/side-channel-list 46ms (cache miss)
292 silly packumentCache full:https://registry.npmjs.org/side-channel-list set size:undefined disposed:false
293 silly fetch manifest side-channel-weakmap@^1.0.2
294 silly packumentCache full:https://registry.npmjs.org/side-channel-weakmap cache-miss
295 http fetch GET 200 https://registry.npmjs.org/object-inspect 48ms (cache miss)
296 silly packumentCache full:https://registry.npmjs.org/object-inspect set size:undefined disposed:false
297 http fetch GET 200 https://registry.npmjs.org/side-channel-weakmap 34ms (cache miss)
298 silly packumentCache full:https://registry.npmjs.org/side-channel-weakmap set size:undefined disposed:false
299 http fetch GET 200 https://registry.npmjs.org/side-channel-map 40ms (cache miss)
300 silly packumentCache full:https://registry.npmjs.org/side-channel-map set size:undefined disposed:false
301 silly placeDep ROOT unpipe@1.0.0 OK for: raw-body@3.0.0 want: 1.0.0
302 silly placeDep ROOT is-promise@4.0.0 OK for: router@2.2.0 want: ^4.0.0
303 silly placeDep ROOT path-to-regexp@8.2.0 OK for: router@2.2.0 want: ^8.0.0
304 silly placeDep ROOT es-errors@1.3.0 OK for: side-channel@1.1.0 want: ^1.3.0
305 silly placeDep ROOT object-inspect@1.13.4 OK for: side-channel@1.1.0 want: ^1.13.3
306 silly placeDep ROOT side-channel-list@1.0.0 OK for: side-channel@1.1.0 want: ^1.0.0
307 silly placeDep ROOT side-channel-map@1.0.1 OK for: side-channel@1.1.0 want: ^1.0.1
308 silly placeDep ROOT side-channel-weakmap@1.0.2 OK for: side-channel@1.1.0 want: ^1.0.2
309 silly fetch manifest call-bound@^1.0.2
310 silly packumentCache full:https://registry.npmjs.org/call-bound cache-miss
311 silly fetch manifest get-intrinsic@^1.2.5
312 silly packumentCache full:https://registry.npmjs.org/get-intrinsic cache-miss
313 silly fetch manifest call-bound@^1.0.2
314 silly packumentCache full:https://registry.npmjs.org/call-bound cache-miss
315 http fetch GET 200 https://registry.npmjs.org/call-bound 42ms (cache miss)
316 silly packumentCache full:https://registry.npmjs.org/call-bound set size:undefined disposed:false
317 silly fetch manifest get-intrinsic@^1.2.5
318 silly packumentCache full:https://registry.npmjs.org/get-intrinsic cache-miss
319 http fetch GET 200 https://registry.npmjs.org/call-bound 45ms (cache miss)
320 silly packumentCache full:https://registry.npmjs.org/call-bound set size:undefined disposed:false
321 http fetch GET 200 https://registry.npmjs.org/get-intrinsic 50ms (cache miss)
322 silly packumentCache full:https://registry.npmjs.org/get-intrinsic set size:undefined disposed:false
323 http fetch GET 200 https://registry.npmjs.org/get-intrinsic 34ms (cache miss)
324 silly packumentCache full:https://registry.npmjs.org/get-intrinsic set size:undefined disposed:false
325 silly placeDep ROOT call-bound@1.0.4 OK for: side-channel-map@1.0.1 want: ^1.0.2
326 silly placeDep ROOT get-intrinsic@1.3.0 OK for: side-channel-map@1.0.1 want: ^1.2.5
327 silly fetch manifest call-bind-apply-helpers@^1.0.2
328 silly packumentCache full:https://registry.npmjs.org/call-bind-apply-helpers cache-miss
329 silly fetch manifest get-intrinsic@^1.3.0
330 silly packumentCache full:https://registry.npmjs.org/get-intrinsic cache-miss
331 silly fetch manifest call-bind-apply-helpers@^1.0.2
332 silly packumentCache full:https://registry.npmjs.org/call-bind-apply-helpers cache-miss
333 http cache https://registry.npmjs.org/get-intrinsic 7ms (cache hit)
334 silly packumentCache full:https://registry.npmjs.org/get-intrinsic set size:57687 disposed:false
335 silly fetch manifest es-define-property@^1.0.1
336 silly packumentCache full:https://registry.npmjs.org/es-define-property cache-miss
337 http fetch GET 200 https://registry.npmjs.org/call-bind-apply-helpers 25ms (cache miss)
338 silly packumentCache full:https://registry.npmjs.org/call-bind-apply-helpers set size:undefined disposed:false
339 silly fetch manifest es-object-atoms@^1.1.1
340 silly packumentCache full:https://registry.npmjs.org/es-object-atoms cache-miss
341 http fetch GET 200 https://registry.npmjs.org/call-bind-apply-helpers 40ms (cache miss)
342 silly packumentCache full:https://registry.npmjs.org/call-bind-apply-helpers set size:undefined disposed:false
343 silly fetch manifest function-bind@^1.1.2
344 silly packumentCache full:https://registry.npmjs.org/function-bind cache-miss
345 http fetch GET 200 https://registry.npmjs.org/es-define-property 34ms (cache miss)
346 silly packumentCache full:https://registry.npmjs.org/es-define-property set size:undefined disposed:false
347 silly fetch manifest get-proto@^1.0.1
348 silly packumentCache full:https://registry.npmjs.org/get-proto cache-miss
349 http fetch GET 200 https://registry.npmjs.org/es-object-atoms 24ms (cache miss)
350 silly packumentCache full:https://registry.npmjs.org/es-object-atoms set size:undefined disposed:false
351 silly fetch manifest gopd@^1.2.0
352 silly packumentCache full:https://registry.npmjs.org/gopd cache-miss
353 http fetch GET 200 https://registry.npmjs.org/function-bind 27ms (cache miss)
354 silly packumentCache full:https://registry.npmjs.org/function-bind set size:undefined disposed:false
355 silly fetch manifest has-symbols@^1.1.0
356 silly packumentCache full:https://registry.npmjs.org/has-symbols cache-miss
357 http fetch GET 200 https://registry.npmjs.org/get-proto 36ms (cache miss)
358 silly packumentCache full:https://registry.npmjs.org/get-proto set size:undefined disposed:false
359 silly fetch manifest hasown@^2.0.2
360 silly packumentCache full:https://registry.npmjs.org/hasown cache-miss
361 http fetch GET 200 https://registry.npmjs.org/gopd 38ms (cache miss)
362 silly packumentCache full:https://registry.npmjs.org/gopd set size:undefined disposed:false
363 silly fetch manifest math-intrinsics@^1.1.0
364 silly packumentCache full:https://registry.npmjs.org/math-intrinsics cache-miss
365 http fetch GET 200 https://registry.npmjs.org/has-symbols 32ms (cache miss)
366 silly packumentCache full:https://registry.npmjs.org/has-symbols set size:undefined disposed:false
367 http fetch GET 200 https://registry.npmjs.org/hasown 32ms (cache miss)
368 silly packumentCache full:https://registry.npmjs.org/hasown set size:undefined disposed:false
369 http fetch GET 200 https://registry.npmjs.org/math-intrinsics 29ms (cache miss)
370 silly packumentCache full:https://registry.npmjs.org/math-intrinsics set size:undefined disposed:false
371 silly placeDep ROOT call-bind-apply-helpers@1.0.2 OK for: call-bound@1.0.4 want: ^1.0.2
372 silly placeDep ROOT function-bind@1.1.2 OK for: call-bind-apply-helpers@1.0.2 want: ^1.1.2
373 silly placeDep ROOT es-define-property@1.0.1 OK for: get-intrinsic@1.3.0 want: ^1.0.1
374 silly placeDep ROOT es-object-atoms@1.1.1 OK for: get-intrinsic@1.3.0 want: ^1.1.1
375 silly placeDep ROOT get-proto@1.0.1 OK for: get-intrinsic@1.3.0 want: ^1.0.1
376 silly placeDep ROOT gopd@1.2.0 OK for: get-intrinsic@1.3.0 want: ^1.2.0
377 silly placeDep ROOT has-symbols@1.1.0 OK for: get-intrinsic@1.3.0 want: ^1.1.0
378 silly placeDep ROOT hasown@2.0.2 OK for: get-intrinsic@1.3.0 want: ^2.0.2
379 silly placeDep ROOT math-intrinsics@1.1.0 OK for: get-intrinsic@1.3.0 want: ^1.1.0
380 silly fetch manifest dunder-proto@^1.0.1
381 silly packumentCache full:https://registry.npmjs.org/dunder-proto cache-miss
382 http fetch GET 200 https://registry.npmjs.org/dunder-proto 31ms (cache miss)
383 silly packumentCache full:https://registry.npmjs.org/dunder-proto set size:undefined disposed:false
384 silly placeDep ROOT dunder-proto@1.0.1 OK for: get-proto@1.0.1 want: ^1.0.1
385 silly placeDep ROOT media-typer@1.1.0 OK for: type-is@2.0.1 want: ^1.1.0
386 silly reify moves {}
387 silly audit bulk request {
387 silly audit   'body-parser': [ '2.2.0' ],
387 silly audit   cors: [ '2.8.5' ],
387 silly audit   express: [ '5.1.0' ],
387 silly audit   bytes: [ '3.1.2' ],
387 silly audit   'content-type': [ '1.0.5' ],
387 silly audit   debug: [ '4.4.1' ],
387 silly audit   'http-errors': [ '2.0.0' ],
387 silly audit   'iconv-lite': [ '0.6.3' ],
387 silly audit   'on-finished': [ '2.4.1' ],
387 silly audit   qs: [ '6.14.0' ],
387 silly audit   'raw-body': [ '3.0.0' ],
387 silly audit   'type-is': [ '2.0.1' ],
387 silly audit   'object-assign': [ '4.1.1' ],
387 silly audit   vary: [ '1.1.2' ],
387 silly audit   ms: [ '2.1.3' ],
387 silly audit   accepts: [ '2.0.0' ],
387 silly audit   'content-disposition': [ '1.0.0' ],
387 silly audit   cookie: [ '0.7.2' ],
387 silly audit   'cookie-signature': [ '1.2.2' ],
387 silly audit   encodeurl: [ '2.0.0' ],
387 silly audit   'escape-html': [ '1.0.3' ],
387 silly audit   etag: [ '1.8.1' ],
387 silly audit   finalhandler: [ '2.1.0' ],
387 silly audit   fresh: [ '2.0.0' ],
387 silly audit   'merge-descriptors': [ '2.0.0' ],
387 silly audit   'mime-types': [ '3.0.1' ],
387 silly audit   once: [ '1.4.0' ],
387 silly audit   parseurl: [ '1.3.3' ],
387 silly audit   'proxy-addr': [ '2.0.7' ],
387 silly audit   'range-parser': [ '1.2.1' ],
387 silly audit   router: [ '2.2.0' ],
387 silly audit   send: [ '1.2.0' ],
387 silly audit   'serve-static': [ '2.2.0' ],
387 silly audit   statuses: [ '2.0.1' ],
387 silly audit   negotiator: [ '1.0.0' ],
387 silly audit   'safe-buffer': [ '5.2.1' ],
387 silly audit   depd: [ '2.0.0' ],
387 silly audit   inherits: [ '2.0.4' ],
387 silly audit   setprototypeof: [ '1.2.0' ],
387 silly audit   toidentifier: [ '1.0.1' ],
387 silly audit   'safer-buffer': [ '2.1.2' ],
387 silly audit   'mime-db': [ '1.54.0' ],
387 silly audit   'ee-first': [ '1.1.1' ],
387 silly audit   wrappy: [ '1.0.2' ],
387 silly audit   forwarded: [ '0.2.0' ],
387 silly audit   'ipaddr.js': [ '1.9.1' ],
387 silly audit   'side-channel': [ '1.1.0' ],
387 silly audit   unpipe: [ '1.0.0' ],
387 silly audit   'is-promise': [ '4.0.0' ],
387 silly audit   'path-to-regexp': [ '8.2.0' ],
387 silly audit   'es-errors': [ '1.3.0' ],
387 silly audit   'object-inspect': [ '1.13.4' ],
387 silly audit   'side-channel-list': [ '1.0.0' ],
387 silly audit   'side-channel-map': [ '1.0.1' ],
387 silly audit   'side-channel-weakmap': [ '1.0.2' ],
387 silly audit   'call-bound': [ '1.0.4' ],
387 silly audit   'get-intrinsic': [ '1.3.0' ],
387 silly audit   'call-bind-apply-helpers': [ '1.0.2' ],
387 silly audit   'function-bind': [ '1.1.2' ],
387 silly audit   'es-define-property': [ '1.0.1' ],
387 silly audit   'es-object-atoms': [ '1.1.1' ],
387 silly audit   'get-proto': [ '1.0.1' ],
387 silly audit   gopd: [ '1.2.0' ],
387 silly audit   'has-symbols': [ '1.1.0' ],
387 silly audit   hasown: [ '2.0.2' ],
387 silly audit   'math-intrinsics': [ '1.1.0' ],
387 silly audit   'dunder-proto': [ '1.0.1' ],
387 silly audit   'media-typer': [ '1.1.0' ]
387 silly audit }
388 http cache media-typer@https://registry.npmjs.org/media-typer/-/media-typer-1.1.0.tgz 0ms (cache hit)
389 http cache math-intrinsics@https://registry.npmjs.org/math-intrinsics/-/math-intrinsics-1.1.0.tgz 0ms (cache hit)
390 http cache hasown@https://registry.npmjs.org/hasown/-/hasown-2.0.2.tgz 0ms (cache hit)
391 http cache gopd@https://registry.npmjs.org/gopd/-/gopd-1.2.0.tgz 0ms (cache hit)
392 http cache has-symbols@https://registry.npmjs.org/has-symbols/-/has-symbols-1.1.0.tgz 0ms (cache hit)
393 http cache get-proto@https://registry.npmjs.org/get-proto/-/get-proto-1.0.1.tgz 0ms (cache hit)
394 http cache es-object-atoms@https://registry.npmjs.org/es-object-atoms/-/es-object-atoms-1.1.1.tgz 0ms (cache hit)
395 http cache call-bind-apply-helpers@https://registry.npmjs.org/call-bind-apply-helpers/-/call-bind-apply-helpers-1.0.2.tgz 0ms (cache hit)
396 http cache es-define-property@https://registry.npmjs.org/es-define-property/-/es-define-property-1.0.1.tgz 0ms (cache hit)
397 http cache function-bind@https://registry.npmjs.org/function-bind/-/function-bind-1.1.2.tgz 0ms (cache hit)
398 http cache get-intrinsic@https://registry.npmjs.org/get-intrinsic/-/get-intrinsic-1.3.0.tgz 0ms (cache hit)
399 http cache call-bound@https://registry.npmjs.org/call-bound/-/call-bound-1.0.4.tgz 0ms (cache hit)
400 http cache side-channel-weakmap@https://registry.npmjs.org/side-channel-weakmap/-/side-channel-weakmap-1.0.2.tgz 0ms (cache hit)
401 http cache side-channel-list@https://registry.npmjs.org/side-channel-list/-/side-channel-list-1.0.0.tgz 0ms (cache hit)
402 http cache side-channel-map@https://registry.npmjs.org/side-channel-map/-/side-channel-map-1.0.1.tgz 0ms (cache hit)
403 http cache object-inspect@https://registry.npmjs.org/object-inspect/-/object-inspect-1.13.4.tgz 0ms (cache hit)
404 http cache es-errors@https://registry.npmjs.org/es-errors/-/es-errors-1.3.0.tgz 0ms (cache hit)
405 http cache path-to-regexp@https://registry.npmjs.org/path-to-regexp/-/path-to-regexp-8.2.0.tgz 0ms (cache hit)
406 http cache is-promise@https://registry.npmjs.org/is-promise/-/is-promise-4.0.0.tgz 0ms (cache hit)
407 http cache unpipe@https://registry.npmjs.org/unpipe/-/unpipe-1.0.0.tgz 0ms (cache hit)
408 http cache side-channel@https://registry.npmjs.org/side-channel/-/side-channel-1.1.0.tgz 0ms (cache hit)
409 http cache ipaddr.js@https://registry.npmjs.org/ipaddr.js/-/ipaddr.js-1.9.1.tgz 0ms (cache hit)
410 http cache wrappy@https://registry.npmjs.org/wrappy/-/wrappy-1.0.2.tgz 0ms (cache hit)
411 http cache ee-first@https://registry.npmjs.org/ee-first/-/ee-first-1.1.1.tgz 0ms (cache hit)
412 http cache mime-db@https://registry.npmjs.org/mime-db/-/mime-db-1.54.0.tgz 0ms (cache hit)
413 http cache safer-buffer@https://registry.npmjs.org/safer-buffer/-/safer-buffer-2.1.2.tgz 0ms (cache hit)
414 http cache toidentifier@https://registry.npmjs.org/toidentifier/-/toidentifier-1.0.1.tgz 0ms (cache hit)
415 http cache setprototypeof@https://registry.npmjs.org/setprototypeof/-/setprototypeof-1.2.0.tgz 0ms (cache hit)
416 http cache inherits@https://registry.npmjs.org/inherits/-/inherits-2.0.4.tgz 0ms (cache hit)
417 http cache forwarded@https://registry.npmjs.org/forwarded/-/forwarded-0.2.0.tgz 0ms (cache hit)
418 http cache safe-buffer@https://registry.npmjs.org/safe-buffer/-/safe-buffer-5.2.1.tgz 0ms (cache hit)
419 http cache dunder-proto@https://registry.npmjs.org/dunder-proto/-/dunder-proto-1.0.1.tgz 0ms (cache hit)
420 http cache depd@https://registry.npmjs.org/depd/-/depd-2.0.0.tgz 0ms (cache hit)
421 http cache negotiator@https://registry.npmjs.org/negotiator/-/negotiator-1.0.0.tgz 0ms (cache hit)
422 http cache statuses@https://registry.npmjs.org/statuses/-/statuses-2.0.1.tgz 0ms (cache hit)
423 http cache serve-static@https://registry.npmjs.org/serve-static/-/serve-static-2.2.0.tgz 0ms (cache hit)
424 http cache send@https://registry.npmjs.org/send/-/send-1.2.0.tgz 0ms (cache hit)
425 http cache range-parser@https://registry.npmjs.org/range-parser/-/range-parser-1.2.1.tgz 0ms (cache hit)
426 http cache proxy-addr@https://registry.npmjs.org/proxy-addr/-/proxy-addr-2.0.7.tgz 0ms (cache hit)
427 http cache parseurl@https://registry.npmjs.org/parseurl/-/parseurl-1.3.3.tgz 0ms (cache hit)
428 http cache router@https://registry.npmjs.org/router/-/router-2.2.0.tgz 0ms (cache hit)
429 http cache once@https://registry.npmjs.org/once/-/once-1.4.0.tgz 0ms (cache hit)
430 http cache merge-descriptors@https://registry.npmjs.org/merge-descriptors/-/merge-descriptors-2.0.0.tgz 0ms (cache hit)
431 http cache mime-types@https://registry.npmjs.org/mime-types/-/mime-types-3.0.1.tgz 0ms (cache hit)
432 http cache fresh@https://registry.npmjs.org/fresh/-/fresh-2.0.0.tgz 0ms (cache hit)
433 http cache finalhandler@https://registry.npmjs.org/finalhandler/-/finalhandler-2.1.0.tgz 0ms (cache hit)
434 http cache escape-html@https://registry.npmjs.org/escape-html/-/escape-html-1.0.3.tgz 0ms (cache hit)
435 http cache etag@https://registry.npmjs.org/etag/-/etag-1.8.1.tgz 0ms (cache hit)
436 http cache encodeurl@https://registry.npmjs.org/encodeurl/-/encodeurl-2.0.0.tgz 0ms (cache hit)
437 http cache cookie-signature@https://registry.npmjs.org/cookie-signature/-/cookie-signature-1.2.2.tgz 0ms (cache hit)
438 http cache cookie@https://registry.npmjs.org/cookie/-/cookie-0.7.2.tgz 0ms (cache hit)
439 http cache accepts@https://registry.npmjs.org/accepts/-/accepts-2.0.0.tgz 0ms (cache hit)
440 http cache content-disposition@https://registry.npmjs.org/content-disposition/-/content-disposition-1.0.0.tgz 0ms (cache hit)
441 http cache vary@https://registry.npmjs.org/vary/-/vary-1.1.2.tgz 0ms (cache hit)
442 http cache ms@https://registry.npmjs.org/ms/-/ms-2.1.3.tgz 0ms (cache hit)
443 http cache object-assign@https://registry.npmjs.org/object-assign/-/object-assign-4.1.1.tgz 0ms (cache hit)
444 http cache type-is@https://registry.npmjs.org/type-is/-/type-is-2.0.1.tgz 0ms (cache hit)
445 http cache raw-body@https://registry.npmjs.org/raw-body/-/raw-body-3.0.0.tgz 0ms (cache hit)
446 http cache qs@https://registry.npmjs.org/qs/-/qs-6.14.0.tgz 0ms (cache hit)
447 http cache on-finished@https://registry.npmjs.org/on-finished/-/on-finished-2.4.1.tgz 0ms (cache hit)
448 http cache iconv-lite@https://registry.npmjs.org/iconv-lite/-/iconv-lite-0.6.3.tgz 0ms (cache hit)
449 http cache http-errors@https://registry.npmjs.org/http-errors/-/http-errors-2.0.0.tgz 0ms (cache hit)
450 http cache debug@https://registry.npmjs.org/debug/-/debug-4.4.1.tgz 0ms (cache hit)
451 http cache bytes@https://registry.npmjs.org/bytes/-/bytes-3.1.2.tgz 0ms (cache hit)
452 http cache content-type@https://registry.npmjs.org/content-type/-/content-type-1.0.5.tgz 0ms (cache hit)
453 http cache express@https://registry.npmjs.org/express/-/express-5.1.0.tgz 0ms (cache hit)
454 http cache cors@https://registry.npmjs.org/cors/-/cors-2.8.5.tgz 0ms (cache hit)
455 http cache body-parser@https://registry.npmjs.org/body-parser/-/body-parser-2.2.0.tgz 0ms (cache hit)
456 silly tarball no local data for math-intrinsics@https://registry.npmjs.org/math-intrinsics/-/math-intrinsics-1.1.0.tgz. Extracting by manifest.
457 silly tarball no local data for media-typer@https://registry.npmjs.org/media-typer/-/media-typer-1.1.0.tgz. Extracting by manifest.
458 silly tarball no local data for has-symbols@https://registry.npmjs.org/has-symbols/-/has-symbols-1.1.0.tgz. Extracting by manifest.
459 silly tarball no local data for gopd@https://registry.npmjs.org/gopd/-/gopd-1.2.0.tgz. Extracting by manifest.
460 silly tarball no local data for get-proto@https://registry.npmjs.org/get-proto/-/get-proto-1.0.1.tgz. Extracting by manifest.
461 silly tarball no local data for hasown@https://registry.npmjs.org/hasown/-/hasown-2.0.2.tgz. Extracting by manifest.
462 silly tarball no local data for es-object-atoms@https://registry.npmjs.org/es-object-atoms/-/es-object-atoms-1.1.1.tgz. Extracting by manifest.
463 silly tarball no local data for call-bind-apply-helpers@https://registry.npmjs.org/call-bind-apply-helpers/-/call-bind-apply-helpers-1.0.2.tgz. Extracting by manifest.
464 silly tarball no local data for es-define-property@https://registry.npmjs.org/es-define-property/-/es-define-property-1.0.1.tgz. Extracting by manifest.
465 silly tarball no local data for function-bind@https://registry.npmjs.org/function-bind/-/function-bind-1.1.2.tgz. Extracting by manifest.
466 silly tarball no local data for call-bound@https://registry.npmjs.org/call-bound/-/call-bound-1.0.4.tgz. Extracting by manifest.
467 silly tarball no local data for side-channel-weakmap@https://registry.npmjs.org/side-channel-weakmap/-/side-channel-weakmap-1.0.2.tgz. Extracting by manifest.
468 silly tarball no local data for side-channel-list@https://registry.npmjs.org/side-channel-list/-/side-channel-list-1.0.0.tgz. Extracting by manifest.
469 silly tarball no local data for get-intrinsic@https://registry.npmjs.org/get-intrinsic/-/get-intrinsic-1.3.0.tgz. Extracting by manifest.
470 silly tarball no local data for side-channel-map@https://registry.npmjs.org/side-channel-map/-/side-channel-map-1.0.1.tgz. Extracting by manifest.
471 silly tarball no local data for object-inspect@https://registry.npmjs.org/object-inspect/-/object-inspect-1.13.4.tgz. Extracting by manifest.
472 silly tarball no local data for es-errors@https://registry.npmjs.org/es-errors/-/es-errors-1.3.0.tgz. Extracting by manifest.
473 silly tarball no local data for is-promise@https://registry.npmjs.org/is-promise/-/is-promise-4.0.0.tgz. Extracting by manifest.
474 silly tarball no local data for side-channel@https://registry.npmjs.org/side-channel/-/side-channel-1.1.0.tgz. Extracting by manifest.
475 silly tarball no local data for path-to-regexp@https://registry.npmjs.org/path-to-regexp/-/path-to-regexp-8.2.0.tgz. Extracting by manifest.
476 silly tarball no local data for unpipe@https://registry.npmjs.org/unpipe/-/unpipe-1.0.0.tgz. Extracting by manifest.
477 silly tarball no local data for ipaddr.js@https://registry.npmjs.org/ipaddr.js/-/ipaddr.js-1.9.1.tgz. Extracting by manifest.
478 silly tarball no local data for ee-first@https://registry.npmjs.org/ee-first/-/ee-first-1.1.1.tgz. Extracting by manifest.
479 silly tarball no local data for wrappy@https://registry.npmjs.org/wrappy/-/wrappy-1.0.2.tgz. Extracting by manifest.
480 silly tarball no local data for mime-db@https://registry.npmjs.org/mime-db/-/mime-db-1.54.0.tgz. Extracting by manifest.
481 silly tarball no local data for safer-buffer@https://registry.npmjs.org/safer-buffer/-/safer-buffer-2.1.2.tgz. Extracting by manifest.
482 silly tarball no local data for toidentifier@https://registry.npmjs.org/toidentifier/-/toidentifier-1.0.1.tgz. Extracting by manifest.
483 silly tarball no local data for setprototypeof@https://registry.npmjs.org/setprototypeof/-/setprototypeof-1.2.0.tgz. Extracting by manifest.
484 silly tarball no local data for inherits@https://registry.npmjs.org/inherits/-/inherits-2.0.4.tgz. Extracting by manifest.
485 silly tarball no local data for forwarded@https://registry.npmjs.org/forwarded/-/forwarded-0.2.0.tgz. Extracting by manifest.
486 silly tarball no local data for safe-buffer@https://registry.npmjs.org/safe-buffer/-/safe-buffer-5.2.1.tgz. Extracting by manifest.
487 silly tarball no local data for dunder-proto@https://registry.npmjs.org/dunder-proto/-/dunder-proto-1.0.1.tgz. Extracting by manifest.
488 silly tarball no local data for depd@https://registry.npmjs.org/depd/-/depd-2.0.0.tgz. Extracting by manifest.
489 silly tarball no local data for negotiator@https://registry.npmjs.org/negotiator/-/negotiator-1.0.0.tgz. Extracting by manifest.
490 silly tarball no local data for send@https://registry.npmjs.org/send/-/send-1.2.0.tgz. Extracting by manifest.
491 silly tarball no local data for range-parser@https://registry.npmjs.org/range-parser/-/range-parser-1.2.1.tgz. Extracting by manifest.
492 silly tarball no local data for statuses@https://registry.npmjs.org/statuses/-/statuses-2.0.1.tgz. Extracting by manifest.
493 silly tarball no local data for serve-static@https://registry.npmjs.org/serve-static/-/serve-static-2.2.0.tgz. Extracting by manifest.
494 silly tarball no local data for parseurl@https://registry.npmjs.org/parseurl/-/parseurl-1.3.3.tgz. Extracting by manifest.
495 silly tarball no local data for proxy-addr@https://registry.npmjs.org/proxy-addr/-/proxy-addr-2.0.7.tgz. Extracting by manifest.
496 silly tarball no local data for router@https://registry.npmjs.org/router/-/router-2.2.0.tgz. Extracting by manifest.
497 silly tarball no local data for once@https://registry.npmjs.org/once/-/once-1.4.0.tgz. Extracting by manifest.
498 silly tarball no local data for merge-descriptors@https://registry.npmjs.org/merge-descriptors/-/merge-descriptors-2.0.0.tgz. Extracting by manifest.
499 silly tarball no local data for fresh@https://registry.npmjs.org/fresh/-/fresh-2.0.0.tgz. Extracting by manifest.
500 silly tarball no local data for mime-types@https://registry.npmjs.org/mime-types/-/mime-types-3.0.1.tgz. Extracting by manifest.
501 silly tarball no local data for finalhandler@https://registry.npmjs.org/finalhandler/-/finalhandler-2.1.0.tgz. Extracting by manifest.
502 silly tarball no local data for escape-html@https://registry.npmjs.org/escape-html/-/escape-html-1.0.3.tgz. Extracting by manifest.
503 silly tarball no local data for etag@https://registry.npmjs.org/etag/-/etag-1.8.1.tgz. Extracting by manifest.
504 silly tarball no local data for encodeurl@https://registry.npmjs.org/encodeurl/-/encodeurl-2.0.0.tgz. Extracting by manifest.
505 silly tarball no local data for cookie-signature@https://registry.npmjs.org/cookie-signature/-/cookie-signature-1.2.2.tgz. Extracting by manifest.
506 silly tarball no local data for accepts@https://registry.npmjs.org/accepts/-/accepts-2.0.0.tgz. Extracting by manifest.
507 silly tarball no local data for content-disposition@https://registry.npmjs.org/content-disposition/-/content-disposition-1.0.0.tgz. Extracting by manifest.
508 silly tarball no local data for vary@https://registry.npmjs.org/vary/-/vary-1.1.2.tgz. Extracting by manifest.
509 silly tarball no local data for ms@https://registry.npmjs.org/ms/-/ms-2.1.3.tgz. Extracting by manifest.
510 silly tarball no local data for type-is@https://registry.npmjs.org/type-is/-/type-is-2.0.1.tgz. Extracting by manifest.
511 silly tarball no local data for object-assign@https://registry.npmjs.org/object-assign/-/object-assign-4.1.1.tgz. Extracting by manifest.
512 silly tarball no local data for qs@https://registry.npmjs.org/qs/-/qs-6.14.0.tgz. Extracting by manifest.
513 silly tarball no local data for on-finished@https://registry.npmjs.org/on-finished/-/on-finished-2.4.1.tgz. Extracting by manifest.
514 silly tarball no local data for iconv-lite@https://registry.npmjs.org/iconv-lite/-/iconv-lite-0.6.3.tgz. Extracting by manifest.
515 silly tarball no local data for raw-body@https://registry.npmjs.org/raw-body/-/raw-body-3.0.0.tgz. Extracting by manifest.
516 silly tarball no local data for http-errors@https://registry.npmjs.org/http-errors/-/http-errors-2.0.0.tgz. Extracting by manifest.
517 silly tarball no local data for bytes@https://registry.npmjs.org/bytes/-/bytes-3.1.2.tgz. Extracting by manifest.
518 silly tarball no local data for debug@https://registry.npmjs.org/debug/-/debug-4.4.1.tgz. Extracting by manifest.
519 silly tarball no local data for express@https://registry.npmjs.org/express/-/express-5.1.0.tgz. Extracting by manifest.
520 silly tarball no local data for content-type@https://registry.npmjs.org/content-type/-/content-type-1.0.5.tgz. Extracting by manifest.
521 silly tarball no local data for cors@https://registry.npmjs.org/cors/-/cors-2.8.5.tgz. Extracting by manifest.
522 silly tarball no local data for body-parser@https://registry.npmjs.org/body-parser/-/body-parser-2.2.0.tgz. Extracting by manifest.
523 http fetch POST 200 https://registry.npmjs.org/-/npm/v1/security/advisories/bulk 207ms
524 silly audit report {}
525 http fetch GET 200 https://registry.npmjs.org/media-typer/-/media-typer-1.1.0.tgz 508ms (cache miss)
526 http fetch GET 200 https://registry.npmjs.org/math-intrinsics/-/math-intrinsics-1.1.0.tgz 561ms (cache miss)
527 http fetch GET 200 https://registry.npmjs.org/side-channel-map/-/side-channel-map-1.0.1.tgz 571ms (cache miss)
528 http fetch GET 200 https://registry.npmjs.org/es-errors/-/es-errors-1.3.0.tgz 571ms (cache miss)
529 http fetch GET 200 https://registry.npmjs.org/is-promise/-/is-promise-4.0.0.tgz 603ms (cache miss)
530 http fetch GET 200 https://registry.npmjs.org/side-channel/-/side-channel-1.1.0.tgz 620ms (cache miss)
531 http fetch GET 200 https://registry.npmjs.org/hasown/-/hasown-2.0.2.tgz 639ms (cache miss)
532 http fetch GET 200 https://registry.npmjs.org/path-to-regexp/-/path-to-regexp-8.2.0.tgz 649ms (cache miss)
533 http fetch GET 200 https://registry.npmjs.org/wrappy/-/wrappy-1.0.2.tgz 647ms (cache miss)
534 http fetch GET 200 https://registry.npmjs.org/dunder-proto/-/dunder-proto-1.0.1.tgz 645ms (cache miss)
535 http fetch GET 200 https://registry.npmjs.org/negotiator/-/negotiator-1.0.0.tgz 645ms (cache miss)
536 http fetch GET 200 https://registry.npmjs.org/get-proto/-/get-proto-1.0.1.tgz 670ms (cache miss)
537 http fetch GET 200 https://registry.npmjs.org/unpipe/-/unpipe-1.0.0.tgz 663ms (cache miss)
538 http fetch GET 200 https://registry.npmjs.org/forwarded/-/forwarded-0.2.0.tgz 660ms (cache miss)
539 http fetch GET 200 https://registry.npmjs.org/toidentifier/-/toidentifier-1.0.1.tgz 662ms (cache miss)
540 http fetch GET 200 https://registry.npmjs.org/mime-types/-/mime-types-3.0.1.tgz 654ms (cache miss)
541 http fetch GET 200 https://registry.npmjs.org/fresh/-/fresh-2.0.0.tgz 657ms (cache miss)
542 http fetch GET 200 https://registry.npmjs.org/setprototypeof/-/setprototypeof-1.2.0.tgz 671ms (cache miss)
543 http fetch GET 200 https://registry.npmjs.org/side-channel-weakmap/-/side-channel-weakmap-1.0.2.tgz 688ms (cache miss)
544 http fetch GET 200 https://registry.npmjs.org/gopd/-/gopd-1.2.0.tgz 692ms (cache miss)
545 http fetch GET 200 https://registry.npmjs.org/es-define-property/-/es-define-property-1.0.1.tgz 692ms (cache miss)
546 http fetch GET 200 https://registry.npmjs.org/inherits/-/inherits-2.0.4.tgz 682ms (cache miss)
547 http fetch GET 200 https://registry.npmjs.org/statuses/-/statuses-2.0.1.tgz 678ms (cache miss)
548 http fetch GET 200 https://registry.npmjs.org/escape-html/-/escape-html-1.0.3.tgz 674ms (cache miss)
549 http fetch GET 200 https://registry.npmjs.org/ee-first/-/ee-first-1.1.1.tgz 692ms (cache miss)
550 http fetch GET 200 https://registry.npmjs.org/range-parser/-/range-parser-1.2.1.tgz 688ms (cache miss)
551 http fetch GET 200 https://registry.npmjs.org/once/-/once-1.4.0.tgz 686ms (cache miss)
552 http fetch GET 200 https://registry.npmjs.org/encodeurl/-/encodeurl-2.0.0.tgz 682ms (cache miss)
553 http fetch GET 200 https://registry.npmjs.org/content-type/-/content-type-1.0.5.tgz 677ms (cache miss)
554 http fetch GET 200 https://registry.npmjs.org/merge-descriptors/-/merge-descriptors-2.0.0.tgz 690ms (cache miss)
555 http fetch GET 200 https://registry.npmjs.org/object-assign/-/object-assign-4.1.1.tgz 684ms (cache miss)
556 http fetch GET 200 https://registry.npmjs.org/es-object-atoms/-/es-object-atoms-1.1.1.tgz 714ms (cache miss)
557 http fetch GET 200 https://registry.npmjs.org/side-channel-list/-/side-channel-list-1.0.0.tgz 711ms (cache miss)
558 http fetch GET 200 https://registry.npmjs.org/parseurl/-/parseurl-1.3.3.tgz 698ms (cache miss)
559 http fetch GET 200 https://registry.npmjs.org/finalhandler/-/finalhandler-2.1.0.tgz 696ms (cache miss)
560 http fetch GET 200 https://registry.npmjs.org/accepts/-/accepts-2.0.0.tgz 693ms (cache miss)
561 http fetch GET 200 https://registry.npmjs.org/etag/-/etag-1.8.1.tgz 695ms (cache miss)
562 http fetch GET 200 https://registry.npmjs.org/cookie-signature/-/cookie-signature-1.2.2.tgz 695ms (cache miss)
563 http fetch GET 200 https://registry.npmjs.org/proxy-addr/-/proxy-addr-2.0.7.tgz 704ms (cache miss)
564 http fetch GET 200 https://registry.npmjs.org/ms/-/ms-2.1.3.tgz 698ms (cache miss)
565 http fetch GET 200 https://registry.npmjs.org/bytes/-/bytes-3.1.2.tgz 695ms (cache miss)
566 http fetch GET 200 https://registry.npmjs.org/ipaddr.js/-/ipaddr.js-1.9.1.tgz 718ms (cache miss)
567 http fetch GET 200 https://registry.npmjs.org/serve-static/-/serve-static-2.2.0.tgz 711ms (cache miss)
568 http fetch GET 200 https://registry.npmjs.org/vary/-/vary-1.1.2.tgz 703ms (cache miss)
569 http fetch GET 200 https://registry.npmjs.org/content-disposition/-/content-disposition-1.0.0.tgz 705ms (cache miss)
570 http fetch GET 200 https://registry.npmjs.org/cors/-/cors-2.8.5.tgz 699ms (cache miss)
571 http fetch GET 200 https://registry.npmjs.org/on-finished/-/on-finished-2.4.1.tgz 705ms (cache miss)
572 http fetch GET 200 https://registry.npmjs.org/safer-buffer/-/safer-buffer-2.1.2.tgz 724ms (cache miss)
573 http fetch GET 200 https://registry.npmjs.org/depd/-/depd-2.0.0.tgz 721ms (cache miss)
574 http fetch GET 200 https://registry.npmjs.org/type-is/-/type-is-2.0.1.tgz 711ms (cache miss)
575 http fetch GET 200 https://registry.npmjs.org/function-bind/-/function-bind-1.1.2.tgz 738ms (cache miss)
576 http fetch GET 200 https://registry.npmjs.org/raw-body/-/raw-body-3.0.0.tgz 713ms (cache miss)
577 http fetch GET 200 https://registry.npmjs.org/http-errors/-/http-errors-2.0.0.tgz 712ms (cache miss)
578 http fetch GET 200 https://registry.npmjs.org/call-bind-apply-helpers/-/call-bind-apply-helpers-1.0.2.tgz 742ms (cache miss)
579 http fetch GET 200 https://registry.npmjs.org/call-bound/-/call-bound-1.0.4.tgz 745ms (cache miss)
580 http fetch GET 200 https://registry.npmjs.org/safe-buffer/-/safe-buffer-5.2.1.tgz 734ms (cache miss)
581 http fetch GET 200 https://registry.npmjs.org/get-intrinsic/-/get-intrinsic-1.3.0.tgz 749ms (cache miss)
582 http fetch GET 200 https://registry.npmjs.org/send/-/send-1.2.0.tgz 738ms (cache miss)
583 http fetch GET 200 https://registry.npmjs.org/has-symbols/-/has-symbols-1.1.0.tgz 761ms (cache miss)
584 http fetch GET 200 https://registry.npmjs.org/router/-/router-2.2.0.tgz 746ms (cache miss)
585 http fetch GET 200 https://registry.npmjs.org/mime-db/-/mime-db-1.54.0.tgz 756ms (cache miss)
586 http fetch GET 200 https://registry.npmjs.org/debug/-/debug-4.4.1.tgz 740ms (cache miss)
587 http fetch GET 200 https://registry.npmjs.org/object-inspect/-/object-inspect-1.13.4.tgz 768ms (cache miss)
588 http fetch GET 200 https://registry.npmjs.org/body-parser/-/body-parser-2.2.0.tgz 747ms (cache miss)
589 http fetch GET 200 https://registry.npmjs.org/express/-/express-5.1.0.tgz 758ms (cache miss)
590 http fetch GET 200 https://registry.npmjs.org/qs/-/qs-6.14.0.tgz 762ms (cache miss)
591 http fetch GET 200 https://registry.npmjs.org/iconv-lite/-/iconv-lite-0.6.3.tgz 766ms (cache miss)
592 silly ADD node_modules/media-typer
593 silly ADD node_modules/dunder-proto
594 silly ADD node_modules/math-intrinsics
595 silly ADD node_modules/hasown
596 silly ADD node_modules/has-symbols
597 silly ADD node_modules/gopd
598 silly ADD node_modules/get-proto
599 silly ADD node_modules/es-object-atoms
600 silly ADD node_modules/es-define-property
601 silly ADD node_modules/function-bind
602 silly ADD node_modules/call-bind-apply-helpers
603 silly ADD node_modules/get-intrinsic
604 silly ADD node_modules/call-bound
605 silly ADD node_modules/side-channel-weakmap
606 silly ADD node_modules/side-channel-map
607 silly ADD node_modules/side-channel-list
608 silly ADD node_modules/object-inspect
609 silly ADD node_modules/es-errors
610 silly ADD node_modules/path-to-regexp
611 silly ADD node_modules/is-promise
612 silly ADD node_modules/unpipe
613 silly ADD node_modules/side-channel
614 silly ADD node_modules/ipaddr.js
615 silly ADD node_modules/forwarded
616 silly ADD node_modules/wrappy
617 silly ADD node_modules/ee-first
618 silly ADD node_modules/mime-db
619 silly ADD node_modules/safer-buffer
620 silly ADD node_modules/toidentifier
621 silly ADD node_modules/setprototypeof
622 silly ADD node_modules/inherits
623 silly ADD node_modules/depd
624 silly ADD node_modules/safe-buffer
625 silly ADD node_modules/negotiator
626 silly ADD node_modules/statuses
627 silly ADD node_modules/serve-static
628 silly ADD node_modules/send
629 silly ADD node_modules/router
630 silly ADD node_modules/range-parser
631 silly ADD node_modules/proxy-addr
632 silly ADD node_modules/parseurl
633 silly ADD node_modules/once
634 silly ADD node_modules/mime-types
635 silly ADD node_modules/merge-descriptors
636 silly ADD node_modules/fresh
637 silly ADD node_modules/finalhandler
638 silly ADD node_modules/etag
639 silly ADD node_modules/escape-html
640 silly ADD node_modules/encodeurl
641 silly ADD node_modules/cookie-signature
642 silly ADD node_modules/cookie
643 silly ADD node_modules/content-disposition
644 silly ADD node_modules/accepts
645 silly ADD node_modules/ms
646 silly ADD node_modules/vary
647 silly ADD node_modules/object-assign
648 silly ADD node_modules/type-is
649 silly ADD node_modules/raw-body
650 silly ADD node_modules/qs
651 silly ADD node_modules/on-finished
652 silly ADD node_modules/iconv-lite
653 silly ADD node_modules/http-errors
654 silly ADD node_modules/debug
655 silly ADD node_modules/content-type
656 silly ADD node_modules/bytes
657 silly ADD node_modules/express
658 silly ADD node_modules/cors
659 silly ADD node_modules/body-parser
660 verbose cwd /home/ubuntu/mcp_project/mcp_server
661 verbose os Linux 6.1.102
662 verbose node v22.13.0
663 verbose npm  v10.9.2
664 verbose exit 0
665 info ok
