0 verbose cli /home/ubuntu/.nvm/versions/node/v22.13.0/bin/node /home/ubuntu/.nvm/versions/node/v22.13.0/bin/npm
1 info using npm@10.9.2
2 info using node@v22.13.0
3 silly config load:file:/home/ubuntu/.nvm/versions/node/v22.13.0/lib/node_modules/npm/npmrc
4 silly config load:file:/home/ubuntu/mcp_project/web_app/.npmrc
5 silly config load:file:/home/ubuntu/.npmrc
6 silly config load:file:/home/ubuntu/.nvm/versions/node/v22.13.0/etc/npmrc
7 verbose title npm init
8 verbose argv "init" "--yes"
9 verbose logfile logs-max:10 dir:/home/ubuntu/.npm/_logs/2025-05-20T18_10_21_300Z-
10 verbose logfile /home/ubuntu/.npm/_logs/2025-05-20T18_10_21_300Z-debug-0.log
11 silly logfile done cleaning log files
12 silly package data {
12 silly package data   name: 'web_app',
12 silly package data   version: '1.0.0',
12 silly package data   main: 'index.js',
12 silly package data   scripts: { test: 'echo "Error: no test specified" && exit 1' },
12 silly package data   keywords: [],
12 silly package data   author: '',
12 silly package data   license: 'ISC',
12 silly package data   description: ''
12 silly package data }
13 verbose cwd /home/ubuntu/mcp_project/web_app
14 verbose os Linux 6.1.102
15 verbose node v22.13.0
16 verbose npm  v10.9.2
17 verbose exit 0
18 info ok
