2025-05-20 14:32:04.384 [info] Extension host with pid 7773 started
2025-05-20 14:32:04.402 [info] Lock '/home/ubuntu/.local/share/code-server/User/workspaceStorage/57f005dc/vscode.lock': Lock acquired.
2025-05-20 14:32:04.529 [info] ExtensionService#_doActivateExtension vscode.git-base, startup: true, activationEvent: '*', root cause: vscode.git
2025-05-20 14:32:04.628 [info] ExtensionService#_doActivateExtension vscode.git, startup: true, activationEvent: '*'
2025-05-20 14:32:04.628 [info] ExtensionService#_doActivateExtension vscode.github, startup: true, activationEvent: '*'
2025-05-20 14:32:04.964 [info] Eager extensions activated
2025-05-20 14:32:04.965 [info] ExtensionService#_doActivateExtension vscode.debug-auto-launch, startup: false, activationEvent: 'onStartupFinished'
2025-05-20 14:32:04.965 [info] ExtensionService#_doActivateExtension vscode.merge-conflict, startup: false, activationEvent: 'onStartupFinished'
2025-05-20 14:32:05.213 [info] ExtensionService#_doActivateExtension vscode.emmet, startup: false, activationEvent: 'onLanguage'
2025-05-20 14:32:05.453 [info] ExtensionService#_doActivateExtension vscode.github-authentication, startup: false, activationEvent: 'onAuthenticationRequest:github'
2025-05-20 14:32:09.439 [info] ExtensionService#_doActivateExtension vscode.media-preview, startup: false, activationEvent: 'onCustomEditor:imagePreview.previewEditor'
2025-05-20 14:36:28.910 [info] ExtensionService#_doActivateExtension vscode.npm, startup: false, activationEvent: 'onTerminalQuickFixRequest:ms-vscode.npm-command'
2025-05-20 14:36:34.641 [info] ExtensionService#_doActivateExtension vscode.configuration-editing, startup: false, activationEvent: 'onLanguage:json'
2025-05-20 14:36:34.642 [info] ExtensionService#_doActivateExtension vscode.extension-editing, startup: false, activationEvent: 'onLanguage:json'
2025-05-20 14:36:34.642 [info] ExtensionService#_doActivateExtension vscode.json-language-features, startup: false, activationEvent: 'onLanguage:json'
2025-05-20 14:36:56.712 [info] ExtensionService#_doActivateExtension vscode.markdown-language-features, startup: false, activationEvent: 'onLanguage:markdown'
2025-05-20 14:36:57.754 [info] ExtensionService#_doActivateExtension vscode.markdown-math, startup: false, activationEvent: 'api', root cause: vscode.markdown-language-features
2025-05-20 14:37:25.578 [warning] [Decorations] CAPPING events from decorations provider vscode.git 1380
2025-05-20 14:37:25.651 [warning] [Decorations] CAPPING events from decorations provider vscode.git 1380
2025-05-20 14:39:04.751 [warning] [Decorations] CAPPING events from decorations provider vscode.git 1383
2025-05-20 14:39:10.296 [warning] [Decorations] CAPPING events from decorations provider vscode.git 1383
2025-05-20 14:39:24.433 [warning] [Decorations] CAPPING events from decorations provider vscode.git 1383
2025-05-20 14:39:40.816 [warning] [Decorations] CAPPING events from decorations provider vscode.git 1383
2025-05-20 14:39:48.429 [warning] [Decorations] CAPPING events from decorations provider vscode.git 1383
2025-05-20 14:39:53.633 [warning] [Decorations] CAPPING events from decorations provider vscode.git 1385
2025-05-20 14:41:00.643 [warning] [Decorations] CAPPING events from decorations provider vscode.git 1385
2025-05-20 14:41:05.738 [warning] [Decorations] CAPPING events from decorations provider vscode.git 1385
2025-05-20 14:41:10.875 [warning] [Decorations] CAPPING events from decorations provider vscode.git 1385
2025-05-20 14:41:48.325 [warning] [Decorations] CAPPING events from decorations provider vscode.git 1385
2025-05-20 14:41:58.725 [warning] [Decorations] CAPPING events from decorations provider vscode.git 1385
2025-05-20 14:42:11.309 [warning] [Decorations] CAPPING events from decorations provider vscode.git 1385
2025-05-20 14:43:37.435 [warning] [Decorations] CAPPING events from decorations provider vscode.git 1385
2025-05-20 14:43:42.531 [warning] [Decorations] CAPPING events from decorations provider vscode.git 1385
2025-05-20 14:43:48.341 [warning] [Decorations] CAPPING events from decorations provider vscode.git 1385
2025-05-20 14:44:05.495 [warning] [Decorations] CAPPING events from decorations provider vscode.git 1386
2025-05-20 14:44:13.214 [warning] [Decorations] CAPPING events from decorations provider vscode.git 1386
2025-05-20 14:44:36.638 [warning] [Decorations] CAPPING events from decorations provider vscode.git 1386
